Arguments: 
  /home/ray/.nvm/versions/node/v10.17.0/bin/node /home/ray/.nvm/versions/node/v10.17.0/bin/yarn deploy:kovan

PATH: 
  /home/ray/vent/bin:/home/ray/bin:/home/ray/.local/bin:/home/ray/.rvm/gems/ruby-2.3.1/bin:/home/ray/.rvm/gems/ruby-2.3.1@global/bin:/home/ray/.rvm/rubies/ruby-2.3.1/bin:/home/ray/bin:/home/ray/.local/bin:/home/ray/.nvm/versions/node/v10.17.0/bin:/usr/local/sbin:/usr/local/bin:/usr/sbin:/usr/bin:/sbin:/bin:/usr/games:/usr/local/games:/snap/bin:/home/ray/.rvm/bin:/home/ray/.rvm/bin:/home/ray/.rvm/bin:/home/ray/.rvm/bin:/home/ray/.rvm/bin

Yarn version: 
  1.22.4

Node version: 
  10.17.0

Platform: 
  linux x64

Trace: 
  SyntaxError: /home/ray/0confirmation/packages/0confirmation-curvefi/package.json: Unexpected string in JSON at position 652
      at JSON.parse (<anonymous>)
      at /home/ray/.nvm/versions/node/v10.17.0/lib/node_modules/yarn/lib/cli.js:1625:59
      at Generator.next (<anonymous>)
      at step (/home/ray/.nvm/versions/node/v10.17.0/lib/node_modules/yarn/lib/cli.js:310:30)
      at /home/ray/.nvm/versions/node/v10.17.0/lib/node_modules/yarn/lib/cli.js:321:13

npm manifest: 
  {
    "name": "@0confirmation/curvefi",
    "version": "1.0.0",
    "description": "for curvefi",
    "main": "index.js",
    "license": "MIT",
    "scripts": {
      "vyper:install": "cross-env pip install -r vendor/requirements.txt",
      "task:build:migration": "truffle compile",
      "task:build:curvefi": "cross-env-shell 'python vendor/deploy-swap.vy > build/Curvefi.json'",
      "task:build:token": "cross-env-shell 'python vendor/deploy-token.vy > build/CurveToken.json'",
      "task:clean": "rimraf build/*",
      "build": "npm-run-all task:clean task:build:*",
      "deploy:ganache": "truffle migrate --network ganache",
      "launch:ganache": "ganache-cli"
      "deploy:kovan": "truffle migrate --network kovan"
    },
    "dependencies": {
      "bluebird": "^3.7.2",
      "cross-env": "^7.0.2",
      "ganache-cli": "^6.9.1",
      "glob": "^7.1.6",
      "mkdirp": "^1.0.4",
      "ncp": "^2.0.0",
      "npm-run-all": "^4.1.5",
      "rimraf": "^3.0.2",
      "openzeppelin-solidity": "https://github.com/OpenZeppelin/openzeppelin-contracts#v3.0.0-rc.0",
      "truffle": "^5.1.22"
    }
  }

yarn manifest: 
  No manifest

Lockfile: 
  No lockfile
